
> admin@0.1.1 build
> next build

[baseline-browser-mapping] The data in this module is over two months old.  To ensure accurate Baseline data, please update: `npm i baseline-browser-mapping@latest -D`
   ▲ Next.js 16.0.10 (Turbopack)
   - Environments: .env.local

   Creating an optimized production build ...
[baseline-browser-mapping] The data in this module is over two months old.  To ensure accurate Baseline data, please update: `npm i baseline-browser-mapping@latest -D`
 ✓ Compiled successfully in 11.5s
   Running TypeScript ...
   Collecting page data using 15 workers ...
[baseline-browser-mapping] The data in this module is over two months old.  To ensure accurate Baseline data, please update: `npm i baseline-browser-mapping@latest -D`
[baseline-browser-mapping] The data in this module is over two months old.  To ensure accurate Baseline data, please update: `npm i baseline-browser-mapping@latest -D`
[baseline-browser-mapping] The data in this module is over two months old.  To ensure accurate Baseline data, please update: `npm i baseline-browser-mapping@latest -D`
[baseline-browser-mapping] The data in this module is over two months old.  To ensure accurate Baseline data, please update: `npm i baseline-browser-mapping@latest -D`
[baseline-browser-mapping] The data in this module is over two months old.  To ensure accurate Baseline data, please update: `npm i baseline-browser-mapping@latest -D`
[baseline-browser-mapping] The data in this module is over two months old.  To ensure accurate Baseline data, please update: `npm i baseline-browser-mapping@latest -D`
[baseline-browser-mapping] The data in this module is over two months old.  To ensure accurate Baseline data, please update: `npm i baseline-browser-mapping@latest -D`
[baseline-browser-mapping] The data in this module is over two months old.  To ensure accurate Baseline data, please update: `npm i baseline-browser-mapping@latest -D`
[baseline-browser-mapping] The data in this module is over two months old.  To ensure accurate Baseline data, please update: `npm i baseline-browser-mapping@latest -D`
[baseline-browser-mapping] The data in this module is over two months old.  To ensure accurate Baseline data, please update: `npm i baseline-browser-mapping@latest -D`
[baseline-browser-mapping] The data in this module is over two months old.  To ensure accurate Baseline data, please update: `npm i baseline-browser-mapping@latest -D`
[baseline-browser-mapping] The data in this module is over two months old.  To ensure accurate Baseline data, please update: `npm i baseline-browser-mapping@latest -D`
[baseline-browser-mapping] The data in this module is over two months old.  To ensure accurate Baseline data, please update: `npm i baseline-browser-mapping@latest -D`
[baseline-browser-mapping] The data in this module is over two months old.  To ensure accurate Baseline data, please update: `npm i baseline-browser-mapping@latest -D`
[baseline-browser-mapping] The data in this module is over two months old.  To ensure accurate Baseline data, please update: `npm i baseline-browser-mapping@latest -D`
   Generating static pages using 15 workers (0/21) ...
[baseline-browser-mapping] The data in this module is over two months old.  To ensure accurate Baseline data, please update: `npm i baseline-browser-mapping@latest -D`
{"level":"error","time":"2026-03-18T02:01:29.926Z","msg":"Erro ao criar cliente autenticado:","args":[{"description":"Route /admin/catarina couldn't be rendered statically because it used `cookies`. See more info here: https://nextjs.org/docs/messages/dynamic-server-error","digest":"DYNAMIC_SERVER_USAGE"}]}
{"level":"error","time":"2026-03-18T02:01:29.927Z","msg":"❌ checkSuperAdminDetailed: Erro crítico na verificação","args":[{"description":"Route /admin/catarina couldn't be rendered statically because it used `cookies`. See more info here: https://nextjs.org/docs/messages/dynamic-server-error","digest":"DYNAMIC_SERVER_USAGE"}]}
{"level":"error","time":"2026-03-18T02:01:30.006Z","msg":"Erro ao criar cliente autenticado:","args":[{"description":"Route /admin/affiliates couldn't be rendered statically because it used `cookies`. See more info here: https://nextjs.org/docs/messages/dynamic-server-error","digest":"DYNAMIC_SERVER_USAGE"}]}
{"level":"error","time":"2026-03-18T02:01:30.006Z","msg":"❌ checkSuperAdminDetailed: Erro crítico na verificação","args":[{"description":"Route /admin/affiliates couldn't be rendered statically because it used `cookies`. See more info here: https://nextjs.org/docs/messages/dynamic-server-error","digest":"DYNAMIC_SERVER_USAGE"}]}
{"level":"error","time":"2026-03-18T02:01:30.027Z","msg":"Erro ao criar cliente autenticado:","args":[{"description":"Route /admin/ecosystems/new couldn't be rendered statically because it used `cookies`. See more info here: https://nextjs.org/docs/messages/dynamic-server-error","digest":"DYNAMIC_SERVER_USAGE"}]}
{"level":"error","time":"2026-03-18T02:01:30.027Z","msg":"❌ checkSuperAdminDetailed: Erro crítico na verificação","args":[{"description":"Route /admin/ecosystems/new couldn't be rendered statically because it used `cookies`. See more info here: https://nextjs.org/docs/messages/dynamic-server-error","digest":"DYNAMIC_SERVER_USAGE"}]}
{"level":"error","time":"2026-03-18T02:01:30.050Z","msg":"Erro ao criar cliente autenticado:","args":[{"description":"Route /admin/import couldn't be rendered statically because it used `cookies`. See more info here: https://nextjs.org/docs/messages/dynamic-server-error","digest":"DYNAMIC_SERVER_USAGE"}]}
{"level":"error","time":"2026-03-18T02:01:30.050Z","msg":"❌ checkSuperAdminDetailed: Erro crítico na verificação","args":[{"description":"Route /admin/import couldn't be rendered statically because it used `cookies`. See more info here: https://nextjs.org/docs/messages/dynamic-server-error","digest":"DYNAMIC_SERVER_USAGE"}]}
{"level":"error","time":"2026-03-18T02:01:30.064Z","msg":"Erro ao criar cliente autenticado:","args":[{"description":"Route /admin/ecosystem-status couldn't be rendered statically because it used `cookies`. See more info here: https://nextjs.org/docs/messages/dynamic-server-error","digest":"DYNAMIC_SERVER_USAGE"}]}
{"level":"error","time":"2026-03-18T02:01:30.064Z","msg":"❌ checkSuperAdminDetailed: Erro crítico na verificação","args":[{"description":"Route /admin/ecosystem-status couldn't be rendered statically because it used `cookies`. See more info here: https://nextjs.org/docs/messages/dynamic-server-error","digest":"DYNAMIC_SERVER_USAGE"}]}
{"level":"error","time":"2026-03-18T02:01:30.076Z","msg":"Erro ao criar cliente autenticado:","args":[{"description":"Route /admin/logs couldn't be rendered statically because it used `cookies`. See more info here: https://nextjs.org/docs/messages/dynamic-server-error","digest":"DYNAMIC_SERVER_USAGE"}]}
{"level":"error","time":"2026-03-18T02:01:30.077Z","msg":"❌ checkSuperAdminDetailed: Erro crítico na verificação","args":[{"description":"Route /admin/logs couldn't be rendered statically because it used `cookies`. See more info here: https://nextjs.org/docs/messages/dynamic-server-error","digest":"DYNAMIC_SERVER_USAGE"}]}
   Generating static pages using 15 workers (5/21) 
{"level":"error","time":"2026-03-18T02:01:30.214Z","msg":"Erro ao criar cliente autenticado:","args":[{"description":"Route /admin couldn't be rendered statically because it used `cookies`. See more info here: https://nextjs.org/docs/messages/dynamic-server-error","digest":"DYNAMIC_SERVER_USAGE"}]}
{"level":"error","time":"2026-03-18T02:01:30.214Z","msg":"❌ checkSuperAdminDetailed: Erro crítico na verificação","args":[{"description":"Route /admin couldn't be rendered statically because it used `cookies`. See more info here: https://nextjs.org/docs/messages/dynamic-server-error","digest":"DYNAMIC_SERVER_USAGE"}]}
{"level":"error","time":"2026-03-18T02:01:30.325Z","msg":"Erro ao criar cliente autenticado:","args":[{"description":"Route /admin/settings couldn't be rendered statically because it used `cookies`. See more info here: https://nextjs.org/docs/messages/dynamic-server-error","digest":"DYNAMIC_SERVER_USAGE"}]}
{"level":"error","time":"2026-03-18T02:01:30.325Z","msg":"❌ checkSuperAdminDetailed: Erro crítico na verificação","args":[{"description":"Route /admin/settings couldn't be rendered statically because it used `cookies`. See more info here: https://nextjs.org/docs/messages/dynamic-server-error","digest":"DYNAMIC_SERVER_USAGE"}]}
{"level":"error","time":"2026-03-18T02:01:30.339Z","msg":"Erro ao criar cliente autenticado:","args":[{"description":"Route /admin/plans couldn't be rendered statically because it used `cookies`. See more info here: https://nextjs.org/docs/messages/dynamic-server-error","digest":"DYNAMIC_SERVER_USAGE"}]}
{"level":"error","time":"2026-03-18T02:01:30.339Z","msg":"❌ checkSuperAdminDetailed: Erro crítico na verificação","args":[{"description":"Route /admin/plans couldn't be rendered statically because it used `cookies`. See more info here: https://nextjs.org/docs/messages/dynamic-server-error","digest":"DYNAMIC_SERVER_USAGE"}]}
{"level":"error","time":"2026-03-18T02:01:30.362Z","msg":"Erro ao criar cliente autenticado:","args":[{"description":"Route /admin/studios couldn't be rendered statically because it used `cookies`. See more info here: https://nextjs.org/docs/messages/dynamic-server-error","digest":"DYNAMIC_SERVER_USAGE"}]}
{"level":"error","time":"2026-03-18T02:01:30.362Z","msg":"❌ checkSuperAdminDetailed: Erro crítico na verificação","args":[{"description":"Route /admin/studios couldn't be rendered statically because it used `cookies`. See more info here: https://nextjs.org/docs/messages/dynamic-server-error","digest":"DYNAMIC_SERVER_USAGE"}]}
{"level":"error","time":"2026-03-18T02:01:30.375Z","msg":"Erro ao criar cliente autenticado:","args":[{"description":"Route /admin/support couldn't be rendered statically because it used `cookies`. See more info here: https://nextjs.org/docs/messages/dynamic-server-error","digest":"DYNAMIC_SERVER_USAGE"}]}
{"level":"error","time":"2026-03-18T02:01:30.375Z","msg":"❌ checkSuperAdminDetailed: Erro crítico na verificação","args":[{"description":"Route /admin/support couldn't be rendered statically because it used `cookies`. See more info here: https://nextjs.org/docs/messages/dynamic-server-error","digest":"DYNAMIC_SERVER_USAGE"}]}
{"level":"error","time":"2026-03-18T02:01:30.388Z","msg":"Erro ao criar cliente autenticado:","args":[{"description":"Route /admin/testes couldn't be rendered statically because it used `cookies`. See more info here: https://nextjs.org/docs/messages/dynamic-server-error","digest":"DYNAMIC_SERVER_USAGE"}]}
{"level":"error","time":"2026-03-18T02:01:30.388Z","msg":"❌ checkSuperAdminDetailed: Erro crítico na verificação","args":[{"description":"Route /admin/testes couldn't be rendered statically because it used `cookies`. See more info here: https://nextjs.org/docs/messages/dynamic-server-error","digest":"DYNAMIC_SERVER_USAGE"}]}
{"level":"error","time":"2026-03-18T02:01:30.408Z","msg":"Erro ao criar cliente autenticado:","args":[{"description":"Route /admin/users couldn't be rendered statically because it used `cookies`. See more info here: https://nextjs.org/docs/messages/dynamic-server-error","digest":"DYNAMIC_SERVER_USAGE"}]}
{"level":"error","time":"2026-03-18T02:01:30.408Z","msg":"❌ checkSuperAdminDetailed: Erro crítico na verificação","args":[{"description":"Route /admin/users couldn't be rendered statically because it used `cookies`. See more info here: https://nextjs.org/docs/messages/dynamic-server-error","digest":"DYNAMIC_SERVER_USAGE"}]}
{"level":"error","time":"2026-03-18T02:01:30.449Z","msg":"Erro ao criar cliente autenticado:","args":[{"description":"Route /admin/verticalizations/agroflowai couldn't be rendered statically because it used `cookies`. See more info here: https://nextjs.org/docs/messages/dynamic-server-error","digest":"DYNAMIC_SERVER_USAGE"}]}
{"level":"error","time":"2026-03-18T02:01:30.450Z","msg":"❌ checkSuperAdminDetailed: Erro crítico na verificação","args":[{"description":"Route /admin/verticalizations/agroflowai couldn't be rendered statically because it used `cookies`. See more info here: https://nextjs.org/docs/messages/dynamic-server-error","digest":"DYNAMIC_SERVER_USAGE"}]}
   Generating static pages using 15 workers (10/21) 
   Generating static pages using 15 workers (15/21) 
{"level":"error","time":"2026-03-18T02:01:30.544Z","msg":"Erro ao criar cliente autenticado:","args":[{"description":"Route /admin/verticalizations/estudio-de-danca couldn't be rendered statically because it used `cookies`. See more info here: https://nextjs.org/docs/messages/dynamic-server-error","digest":"DYNAMIC_SERVER_USAGE"}]}
{"level":"error","time":"2026-03-18T02:01:30.544Z","msg":"❌ checkSuperAdminDetailed: Erro crítico na verificação","args":[{"description":"Route /admin/verticalizations/estudio-de-danca couldn't be rendered statically because it used `cookies`. See more info here: https://nextjs.org/docs/messages/dynamic-server-error","digest":"DYNAMIC_SERVER_USAGE"}]}
{"level":"error","time":"2026-03-18T02:01:30.564Z","msg":"Erro ao criar cliente autenticado:","args":[{"description":"Route /admin/verticalizations couldn't be rendered statically because it used `cookies`. See more info here: https://nextjs.org/docs/messages/dynamic-server-error","digest":"DYNAMIC_SERVER_USAGE"}]}
{"level":"error","time":"2026-03-18T02:01:30.564Z","msg":"Erro ao criar cliente autenticado:","args":[{"description":"Route /admin/verticalizations couldn't be rendered statically because it used `cookies`. See more info here: https://nextjs.org/docs/messages/dynamic-server-error","digest":"DYNAMIC_SERVER_USAGE"}]}
{"level":"error","time":"2026-03-18T02:01:30.565Z","msg":"❌ checkSuperAdminDetailed: Erro crítico na verificação","args":[{"description":"Route /admin/verticalizations couldn't be rendered statically because it used `cookies`. See more info here: https://nextjs.org/docs/messages/dynamic-server-error","digest":"DYNAMIC_SERVER_USAGE"}]}
{"level":"error","time":"2026-03-18T02:01:30.647Z","msg":"Erro ao criar cliente autenticado:","args":[{"description":"Route /admin/verticalizations/new couldn't be rendered statically because it used `cookies`. See more info here: https://nextjs.org/docs/messages/dynamic-server-error","digest":"DYNAMIC_SERVER_USAGE"}]}
{"level":"error","time":"2026-03-18T02:01:30.647Z","msg":"❌ checkSuperAdminDetailed: Erro crítico na verificação","args":[{"description":"Route /admin/verticalizations/new couldn't be rendered statically because it used `cookies`. See more info here: https://nextjs.org/docs/messages/dynamic-server-error","digest":"DYNAMIC_SERVER_USAGE"}]}
{"level":"error","time":"2026-03-18T02:01:30.663Z","msg":"Erro ao criar cliente autenticado:","args":[{"description":"Route /admin/verticalizations/fire-protection couldn't be rendered statically because it used `cookies`. See more info here: https://nextjs.org/docs/messages/dynamic-server-error","digest":"DYNAMIC_SERVER_USAGE"}]}
{"level":"error","time":"2026-03-18T02:01:30.663Z","msg":"❌ checkSuperAdminDetailed: Erro crítico na verificação","args":[{"description":"Route /admin/verticalizations/fire-protection couldn't be rendered statically because it used `cookies`. See more info here: https://nextjs.org/docs/messages/dynamic-server-error","digest":"DYNAMIC_SERVER_USAGE"}]}
 ✓ Generating static pages using 15 workers (21/21) in 2.5s
   Finalizing page optimization ...

Route (app)
┌ ○ /
├ ○ /_not-found
├ ƒ /admin
├ ƒ /admin/affiliates
├ ƒ /admin/catarina
├ ƒ /admin/ecosystem-status
├ ƒ /admin/ecosystems/new
├ ƒ /admin/import
├ ƒ /admin/logs
├ ƒ /admin/plans
├ ƒ /admin/settings
├ ƒ /admin/studios
├ ƒ /admin/studios/[id]
├ ƒ /admin/support
├ ƒ /admin/testes
├ ƒ /admin/users
├ ƒ /admin/verticalizations
├ ƒ /admin/verticalizations/[slug]
├ ƒ /admin/verticalizations/[slug]/new-ecosystem
├ ƒ /admin/verticalizations/agroflowai
├ ƒ /admin/verticalizations/estudio-de-danca
├ ƒ /admin/verticalizations/fire-protection
└ ƒ /admin/verticalizations/new


○  (Static)   prerendered as static content
ƒ  (Dynamic)  server-rendered on demand

